<?xml version="1.0" encoding="UTF-8"?>
<testsuite xmlns:xsi="http://www.w3.org/2001/XMLSchema-instance" xsi:noNamespaceSchemaLocation="https://maven.apache.org/surefire/maven-surefire-plugin/xsd/surefire-test-report.xsd" name="test.web.FunctionalTest" time="0.008" tests="9" errors="9" skipped="0" failures="0">
  <properties>
    <property name="java.specification.version" value="17"/>
    <property name="sun.jnu.encoding" value="UTF-8"/>
    <property name="java.class.path" value="/home/phuong/Test/mid-term_assignment/target/test-classes:/home/phuong/Test/mid-term_assignment/target/classes:/home/phuong/.m2/repository/junit/junit/4.13.2/junit-4.13.2.jar:/home/phuong/.m2/repository/org/hamcrest/hamcrest-core/1.3/hamcrest-core-1.3.jar:/home/phuong/.m2/repository/org/seleniumhq/selenium/selenium-java/4.10.0/selenium-java-4.10.0.jar:/home/phuong/.m2/repository/org/seleniumhq/selenium/selenium-api/4.10.0/selenium-api-4.10.0.jar:/home/phuong/.m2/repository/org/seleniumhq/selenium/selenium-devtools-v112/4.10.0/selenium-devtools-v112-4.10.0.jar:/home/phuong/.m2/repository/org/seleniumhq/selenium/selenium-devtools-v113/4.10.0/selenium-devtools-v113-4.10.0.jar:/home/phuong/.m2/repository/org/seleniumhq/selenium/selenium-devtools-v114/4.10.0/selenium-devtools-v114-4.10.0.jar:/home/phuong/.m2/repository/org/seleniumhq/selenium/selenium-devtools-v85/4.10.0/selenium-devtools-v85-4.10.0.jar:/home/phuong/.m2/repository/org/seleniumhq/selenium/selenium-edge-driver/4.10.0/selenium-edge-driver-4.10.0.jar:/home/phuong/.m2/repository/org/seleniumhq/selenium/selenium-firefox-driver/4.10.0/selenium-firefox-driver-4.10.0.jar:/home/phuong/.m2/repository/org/seleniumhq/selenium/selenium-http/4.10.0/selenium-http-4.10.0.jar:/home/phuong/.m2/repository/dev/failsafe/failsafe/3.3.1/failsafe-3.3.1.jar:/home/phuong/.m2/repository/org/seleniumhq/selenium/selenium-ie-driver/4.10.0/selenium-ie-driver-4.10.0.jar:/home/phuong/.m2/repository/org/seleniumhq/selenium/selenium-remote-driver/4.10.0/selenium-remote-driver-4.10.0.jar:/home/phuong/.m2/repository/io/netty/netty-buffer/4.1.92.Final/netty-buffer-4.1.92.Final.jar:/home/phuong/.m2/repository/io/netty/netty-codec-http/4.1.92.Final/netty-codec-http-4.1.92.Final.jar:/home/phuong/.m2/repository/io/netty/netty-codec/4.1.92.Final/netty-codec-4.1.92.Final.jar:/home/phuong/.m2/repository/io/netty/netty-handler/4.1.92.Final/netty-handler-4.1.92.Final.jar:/home/phuong/.m2/repository/io/netty/netty-common/4.1.92.Final/netty-common-4.1.92.Final.jar:/home/phuong/.m2/repository/io/netty/netty-transport-classes-epoll/4.1.92.Final/netty-transport-classes-epoll-4.1.92.Final.jar:/home/phuong/.m2/repository/io/netty/netty-transport-classes-kqueue/4.1.92.Final/netty-transport-classes-kqueue-4.1.92.Final.jar:/home/phuong/.m2/repository/io/netty/netty-transport-native-epoll/4.1.92.Final/netty-transport-native-epoll-4.1.92.Final.jar:/home/phuong/.m2/repository/io/netty/netty-transport-native-kqueue/4.1.92.Final/netty-transport-native-kqueue-4.1.92.Final.jar:/home/phuong/.m2/repository/io/netty/netty-transport-native-unix-common/4.1.92.Final/netty-transport-native-unix-common-4.1.92.Final.jar:/home/phuong/.m2/repository/io/netty/netty-transport/4.1.92.Final/netty-transport-4.1.92.Final.jar:/home/phuong/.m2/repository/io/netty/netty-resolver/4.1.92.Final/netty-resolver-4.1.92.Final.jar:/home/phuong/.m2/repository/io/opentelemetry/opentelemetry-api/1.26.0/opentelemetry-api-1.26.0.jar:/home/phuong/.m2/repository/io/opentelemetry/opentelemetry-context/1.26.0/opentelemetry-context-1.26.0.jar:/home/phuong/.m2/repository/io/opentelemetry/opentelemetry-exporter-logging/1.26.0/opentelemetry-exporter-logging-1.26.0.jar:/home/phuong/.m2/repository/io/opentelemetry/opentelemetry-sdk-metrics/1.26.0/opentelemetry-sdk-metrics-1.26.0.jar:/home/phuong/.m2/repository/io/opentelemetry/opentelemetry-extension-incubator/1.26.0-alpha/opentelemetry-extension-incubator-1.26.0-alpha.jar:/home/phuong/.m2/repository/io/opentelemetry/opentelemetry-sdk-logs/1.26.0-alpha/opentelemetry-sdk-logs-1.26.0-alpha.jar:/home/phuong/.m2/repository/io/opentelemetry/opentelemetry-api-logs/1.26.0-alpha/opentelemetry-api-logs-1.26.0-alpha.jar:/home/phuong/.m2/repository/io/opentelemetry/opentelemetry-api-events/1.26.0-alpha/opentelemetry-api-events-1.26.0-alpha.jar:/home/phuong/.m2/repository/io/opentelemetry/opentelemetry-sdk-common/1.26.0/opentelemetry-sdk-common-1.26.0.jar:/home/phuong/.m2/repository/io/opentelemetry/opentelemetry-sdk-extension-autoconfigure-spi/1.26.0/opentelemetry-sdk-extension-autoconfigure-spi-1.26.0.jar:/home/phuong/.m2/repository/io/opentelemetry/opentelemetry-sdk-extension-autoconfigure/1.26.0-alpha/opentelemetry-sdk-extension-autoconfigure-1.26.0-alpha.jar:/home/phuong/.m2/repository/io/opentelemetry/opentelemetry-sdk-trace/1.26.0/opentelemetry-sdk-trace-1.26.0.jar:/home/phuong/.m2/repository/io/opentelemetry/opentelemetry-sdk/1.26.0/opentelemetry-sdk-1.26.0.jar:/home/phuong/.m2/repository/io/opentelemetry/opentelemetry-semconv/1.26.0-alpha/opentelemetry-semconv-1.26.0-alpha.jar:/home/phuong/.m2/repository/net/bytebuddy/byte-buddy/1.14.4/byte-buddy-1.14.4.jar:/home/phuong/.m2/repository/org/apache/commons/commons-exec/1.3/commons-exec-1.3.jar:/home/phuong/.m2/repository/org/asynchttpclient/async-http-client/2.12.3/async-http-client-2.12.3.jar:/home/phuong/.m2/repository/org/asynchttpclient/async-http-client-netty-utils/2.12.3/async-http-client-netty-utils-2.12.3.jar:/home/phuong/.m2/repository/io/netty/netty-codec-socks/4.1.60.Final/netty-codec-socks-4.1.60.Final.jar:/home/phuong/.m2/repository/io/netty/netty-handler-proxy/4.1.60.Final/netty-handler-proxy-4.1.60.Final.jar:/home/phuong/.m2/repository/io/netty/netty-transport-native-epoll/4.1.60.Final/netty-transport-native-epoll-4.1.60.Final-linux-x86_64.jar:/home/phuong/.m2/repository/io/netty/netty-transport-native-kqueue/4.1.60.Final/netty-transport-native-kqueue-4.1.60.Final-osx-x86_64.jar:/home/phuong/.m2/repository/org/reactivestreams/reactive-streams/1.0.3/reactive-streams-1.0.3.jar:/home/phuong/.m2/repository/com/typesafe/netty/netty-reactive-streams/2.0.4/netty-reactive-streams-2.0.4.jar:/home/phuong/.m2/repository/com/sun/activation/jakarta.activation/1.2.2/jakarta.activation-1.2.2.jar:/home/phuong/.m2/repository/org/seleniumhq/selenium/selenium-safari-driver/4.10.0/selenium-safari-driver-4.10.0.jar:/home/phuong/.m2/repository/org/seleniumhq/selenium/selenium-support/4.10.0/selenium-support-4.10.0.jar:/home/phuong/.m2/repository/org/seleniumhq/selenium/selenium-chrome-driver/4.10.0/selenium-chrome-driver-4.10.0.jar:/home/phuong/.m2/repository/com/google/auto/service/auto-service-annotations/1.0.1/auto-service-annotations-1.0.1.jar:/home/phuong/.m2/repository/com/google/auto/service/auto-service/1.0.1/auto-service-1.0.1.jar:/home/phuong/.m2/repository/com/google/auto/auto-common/1.2/auto-common-1.2.jar:/home/phuong/.m2/repository/com/google/guava/guava/31.1-jre/guava-31.1-jre.jar:/home/phuong/.m2/repository/com/google/guava/failureaccess/1.0.1/failureaccess-1.0.1.jar:/home/phuong/.m2/repository/com/google/guava/listenablefuture/9999.0-empty-to-avoid-conflict-with-guava/listenablefuture-9999.0-empty-to-avoid-conflict-with-guava.jar:/home/phuong/.m2/repository/com/google/code/findbugs/jsr305/3.0.2/jsr305-3.0.2.jar:/home/phuong/.m2/repository/org/checkerframework/checker-qual/3.12.0/checker-qual-3.12.0.jar:/home/phuong/.m2/repository/com/google/errorprone/error_prone_annotations/2.11.0/error_prone_annotations-2.11.0.jar:/home/phuong/.m2/repository/com/google/j2objc/j2objc-annotations/1.3/j2objc-annotations-1.3.jar:/home/phuong/.m2/repository/org/seleniumhq/selenium/selenium-chromium-driver/4.10.0/selenium-chromium-driver-4.10.0.jar:/home/phuong/.m2/repository/org/seleniumhq/selenium/selenium-json/4.10.0/selenium-json-4.10.0.jar:/home/phuong/.m2/repository/org/seleniumhq/selenium/selenium-manager/4.10.0/selenium-manager-4.10.0.jar:/home/phuong/.m2/repository/org/apache/jmeter/ApacheJMeter_core/5.6.2/ApacheJMeter_core-5.6.2.jar:/home/phuong/.m2/repository/org/apache/jmeter/ApacheJMeter/5.6.2/ApacheJMeter-5.6.2.jar:/home/phuong/.m2/repository/org/apache/jmeter/jorphan/5.6.2/jorphan-5.6.2.jar:/home/phuong/.m2/repository/bsf/bsf/2.4.0/bsf-2.4.0.jar:/home/phuong/.m2/repository/commons-logging/commons-logging/1.0.4/commons-logging-1.0.4.jar:/home/phuong/.m2/repository/com/fifesoft/rsyntaxtextarea/3.3.3/rsyntaxtextarea-3.3.3.jar:/home/phuong/.m2/repository/net/sf/jtidy/jtidy/r938/jtidy-r938.jar:/home/phuong/.m2/repository/com/thoughtworks/xstream/xstream/1.4.20/xstream-1.4.20.jar:/home/phuong/.m2/repository/io/github/x-stream/mxparser/1.2.2/mxparser-1.2.2.jar:/home/phuong/.m2/repository/xmlpull/xmlpull/1.1.3.1/xmlpull-1.1.3.1.jar:/home/phuong/.m2/repository/org/apache/logging/log4j/log4j-1.2-api/2.20.0/log4j-1.2-api-2.20.0.jar:/home/phuong/.m2/repository/org/apache/logging/log4j/log4j-api/2.20.0/log4j-api-2.20.0.jar:/home/phuong/.m2/repository/org/apache/logging/log4j/log4j-core/2.20.0/log4j-core-2.20.0.jar:/home/phuong/.m2/repository/org/apache/logging/log4j/log4j-slf4j-impl/2.20.0/log4j-slf4j-impl-2.20.0.jar:/home/phuong/.m2/repository/org/apiguardian/apiguardian-api/1.1.2/apiguardian-api-1.1.2.jar:/home/phuong/.m2/repository/oro/oro/2.0.8/oro-2.0.8.jar:/home/phuong/.m2/repository/xalan/xalan/2.7.3/xalan-2.7.3.jar:/home/phuong/.m2/repository/xalan/serializer/2.7.3/serializer-2.7.3.jar:/home/phuong/.m2/repository/xml-apis/xml-apis/1.4.01/xml-apis-1.4.01.jar:/home/phuong/.m2/repository/net/sf/saxon/Saxon-HE/11.5/Saxon-HE-11.5.jar:/home/phuong/.m2/repository/org/xmlresolver/xmlresolver/4.6.4/xmlresolver-4.6.4.jar:/home/phuong/.m2/repository/org/apache/httpcomponents/client5/httpclient5/5.1.3/httpclient5-5.1.3.jar:/home/phuong/.m2/repository/org/apache/httpcomponents/core5/httpcore5-h2/5.1.3/httpcore5-h2-5.1.3.jar:/home/phuong/.m2/repository/org/apache/httpcomponents/core5/httpcore5/5.1.3/httpcore5-5.1.3.jar:/home/phuong/.m2/repository/org/xmlresolver/xmlresolver/4.6.4/xmlresolver-4.6.4-data.jar:/home/phuong/.m2/repository/org/jetbrains/kotlin/kotlin-stdlib-jdk8/1.8.22/kotlin-stdlib-jdk8-1.8.22.jar:/home/phuong/.m2/repository/org/jetbrains/kotlin/kotlin-stdlib/1.8.22/kotlin-stdlib-1.8.22.jar:/home/phuong/.m2/repository/org/jetbrains/kotlin/kotlin-stdlib-jdk7/1.8.22/kotlin-stdlib-jdk7-1.8.22.jar:/home/phuong/.m2/repository/org/jetbrains/kotlinx/kotlinx-coroutines-core/1.7.1/kotlinx-coroutines-core-1.7.1.jar:/home/phuong/.m2/repository/org/jetbrains/kotlinx/kotlinx-coroutines-core-jvm/1.7.1/kotlinx-coroutines-core-jvm-1.7.1.jar:/home/phuong/.m2/repository/org/jetbrains/kotlinx/kotlinx-coroutines-swing/1.7.1/kotlinx-coroutines-swing-1.7.1.jar:/home/phuong/.m2/repository/com/fasterxml/jackson/core/jackson-annotations/2.15.2/jackson-annotations-2.15.2.jar:/home/phuong/.m2/repository/com/fasterxml/jackson/core/jackson-core/2.15.2/jackson-core-2.15.2.jar:/home/phuong/.m2/repository/com/fasterxml/jackson/core/jackson-databind/2.15.2/jackson-databind-2.15.2.jar:/home/phuong/.m2/repository/com/formdev/svgSalamander/1.1.4/svgSalamander-1.1.4.jar:/home/phuong/.m2/repository/com/github/ben-manes/caffeine/caffeine/2.9.3/caffeine-2.9.3.jar:/home/phuong/.m2/repository/com/github/weisj/darklaf-core/2.7.3/darklaf-core-2.7.3.jar:/home/phuong/.m2/repository/com/github/weisj/darklaf-utils/2.7.3/darklaf-utils-2.7.3.jar:/home/phuong/.m2/repository/com/github/weisj/darklaf-native-utils/2.7.3/darklaf-native-utils-2.7.3.jar:/home/phuong/.m2/repository/com/github/weisj/darklaf-platform-base/2.7.3/darklaf-platform-base-2.7.3.jar:/home/phuong/.m2/repository/com/github/weisj/darklaf-windows/2.7.3/darklaf-windows-2.7.3.jar:/home/phuong/.m2/repository/com/github/weisj/darklaf-macos/2.7.3/darklaf-macos-2.7.3.jar:/home/phuong/.m2/repository/com/github/weisj/swing-extensions-laf-support/0.1.3/swing-extensions-laf-support-0.1.3.jar:/home/phuong/.m2/repository/com/github/weisj/darklaf-theme/2.7.3/darklaf-theme-2.7.3.jar:/home/phuong/.m2/repository/com/github/weisj/darklaf-property-loader/2.7.3/darklaf-property-loader-2.7.3.jar:/home/phuong/.m2/repository/com/github/weisj/swing-extensions-visual-padding/0.1.3/swing-extensions-visual-padding-0.1.3.jar:/home/phuong/.m2/repository/org/jetbrains/annotations/16.0.2/annotations-16.0.2.jar:/home/phuong/.m2/repository/com/github/weisj/darklaf-extensions-rsyntaxarea/0.3.4/darklaf-extensions-rsyntaxarea-0.3.4.jar:/home/phuong/.m2/repository/com/miglayout/miglayout-swing/5.3/miglayout-swing-5.3.jar:/home/phuong/.m2/repository/com/miglayout/miglayout-core/5.3/miglayout-core-5.3.jar:/home/phuong/.m2/repository/commons-codec/commons-codec/1.15/commons-codec-1.15.jar:/home/phuong/.m2/repository/org/jetbrains/lets-plot/lets-plot-batik/3.2.0/lets-plot-batik-3.2.0.jar:/home/phuong/.m2/repository/org/apache/xmlgraphics/batik-codec/1.16/batik-codec-1.16.jar:/home/phuong/.m2/repository/org/apache/xmlgraphics/batik-awt-util/1.16/batik-awt-util-1.16.jar:/home/phuong/.m2/repository/org/apache/xmlgraphics/batik-bridge/1.16/batik-bridge-1.16.jar:/home/phuong/.m2/repository/org/apache/xmlgraphics/batik-anim/1.16/batik-anim-1.16.jar:/home/phuong/.m2/repository/org/apache/xmlgraphics/batik-ext/1.16/batik-ext-1.16.jar:/home/phuong/.m2/repository/org/apache/xmlgraphics/batik-css/1.16/batik-css-1.16.jar:/home/phuong/.m2/repository/org/apache/xmlgraphics/batik-dom/1.16/batik-dom-1.16.jar:/home/phuong/.m2/repository/org/apache/xmlgraphics/batik-gvt/1.16/batik-gvt-1.16.jar:/home/phuong/.m2/repository/org/apache/xmlgraphics/batik-parser/1.16/batik-parser-1.16.jar:/home/phuong/.m2/repository/org/apache/xmlgraphics/batik-script/1.16/batik-script-1.16.jar:/home/phuong/.m2/repository/org/apache/xmlgraphics/batik-svg-dom/1.16/batik-svg-dom-1.16.jar:/home/phuong/.m2/repository/org/apache/xmlgraphics/batik-xml/1.16/batik-xml-1.16.jar:/home/phuong/.m2/repository/xml-apis/xml-apis-ext/1.3.04/xml-apis-ext-1.3.04.jar:/home/phuong/.m2/repository/org/apache/xmlgraphics/batik-shared-resources/1.16/batik-shared-resources-1.16.jar:/home/phuong/.m2/repository/org/apache/xmlgraphics/batik-transcoder/1.16/batik-transcoder-1.16.jar:/home/phuong/.m2/repository/org/apache/xmlgraphics/batik-svggen/1.16/batik-svggen-1.16.jar:/home/phuong/.m2/repository/org/apache/xmlgraphics/batik-util/1.16/batik-util-1.16.jar:/home/phuong/.m2/repository/org/apache/xmlgraphics/batik-constants/1.16/batik-constants-1.16.jar:/home/phuong/.m2/repository/org/apache/xmlgraphics/batik-i18n/1.16/batik-i18n-1.16.jar:/home/phuong/.m2/repository/org/jetbrains/lets-plot/lets-plot-common/3.2.0/lets-plot-common-3.2.0.jar:/home/phuong/.m2/repository/io/github/microutils/kotlin-logging/2.0.5/kotlin-logging-2.0.5.jar:/home/phuong/.m2/repository/org/jetbrains/kotlinx/kotlinx-html-jvm/0.7.3/kotlinx-html-jvm-0.7.3.jar:/home/phuong/.m2/repository/org/jetbrains/lets-plot/lets-plot-kotlin-jvm/4.4.1/lets-plot-kotlin-jvm-4.4.1.jar:/home/phuong/.m2/repository/org/jetbrains/lets-plot/base-portable-jvm/3.2.0/base-portable-jvm-3.2.0.jar:/home/phuong/.m2/repository/org/jetbrains/lets-plot/plot-base-portable-jvm/3.2.0/plot-base-portable-jvm-3.2.0.jar:/home/phuong/.m2/repository/org/jetbrains/lets-plot/vis-svg-portable-jvm/3.2.0/vis-svg-portable-jvm-3.2.0.jar:/home/phuong/.m2/repository/org/jetbrains/lets-plot/plot-common-portable-jvm/3.2.0/plot-common-portable-jvm-3.2.0.jar:/home/phuong/.m2/repository/org/jetbrains/lets-plot/plot-builder-portable-jvm/3.2.0/plot-builder-portable-jvm-3.2.0.jar:/home/phuong/.m2/repository/org/jetbrains/lets-plot/plot-config-portable-jvm/3.2.0/plot-config-portable-jvm-3.2.0.jar:/home/phuong/.m2/repository/org/jetbrains/kotlin/kotlin-stdlib-common/1.7.21/kotlin-stdlib-common-1.7.21.jar:/home/phuong/.m2/repository/io/github/microutils/kotlin-logging-jvm/2.0.5/kotlin-logging-jvm-2.0.5.jar:/home/phuong/.m2/repository/org/apache/commons/commons-collections4/4.4/commons-collections4-4.4.jar:/home/phuong/.m2/repository/org/apache/commons/commons-math3/3.6.1/commons-math3-3.6.1.jar:/home/phuong/.m2/repository/org/apache/commons/commons-text/1.10.0/commons-text-1.10.0.jar:/home/phuong/.m2/repository/org/apache/tika/tika-core/1.28.5/tika-core-1.28.5.jar:/home/phuong/.m2/repository/org/apache/xmlgraphics/xmlgraphics-commons/2.8/xmlgraphics-commons-2.8.jar:/home/phuong/.m2/repository/org/freemarker/freemarker/2.3.32/freemarker-2.3.32.jar:/home/phuong/.m2/repository/org/jodd/jodd-core/5.0.13/jodd-core-5.0.13.jar:/home/phuong/.m2/repository/org/jodd/jodd-props/5.0.13/jodd-props-5.0.13.jar:/home/phuong/.m2/repository/org/mozilla/rhino/1.7.14/rhino-1.7.14.jar:/home/phuong/.m2/repository/org/slf4j/jcl-over-slf4j/1.7.36/jcl-over-slf4j-1.7.36.jar:/home/phuong/.m2/repository/org/codehaus/groovy/groovy/3.0.17/groovy-3.0.17.jar:/home/phuong/.m2/repository/org/codehaus/groovy/groovy-dateutil/3.0.17/groovy-dateutil-3.0.17.jar:/home/phuong/.m2/repository/org/codehaus/groovy/groovy-datetime/3.0.17/groovy-datetime-3.0.17.jar:/home/phuong/.m2/repository/org/codehaus/groovy/groovy-jmx/3.0.17/groovy-jmx-3.0.17.jar:/home/phuong/.m2/repository/org/codehaus/groovy/groovy-json/3.0.17/groovy-json-3.0.17.jar:/home/phuong/.m2/repository/org/codehaus/groovy/groovy-jsr223/3.0.17/groovy-jsr223-3.0.17.jar:/home/phuong/.m2/repository/org/codehaus/groovy/groovy-sql/3.0.17/groovy-sql-3.0.17.jar:/home/phuong/.m2/repository/org/codehaus/groovy/groovy-templates/3.0.17/groovy-templates-3.0.17.jar:/home/phuong/.m2/repository/org/codehaus/groovy/groovy-xml/3.0.17/groovy-xml-3.0.17.jar:/home/phuong/.m2/repository/commons-collections/commons-collections/3.2.2/commons-collections-3.2.2.jar:/home/phuong/.m2/repository/org/apache/tika/tika-parsers/1.28.5/tika-parsers-1.28.5.jar:/home/phuong/.m2/repository/xerces/xercesImpl/2.12.2/xercesImpl-2.12.2.jar:/home/phuong/.m2/repository/org/apache/jmeter/ApacheJMeter_http/5.6.2/ApacheJMeter_http-5.6.2.jar:/home/phuong/.m2/repository/org/apache/jmeter/ApacheJMeter_components/5.6.2/ApacheJMeter_components-5.6.2.jar:/home/phuong/.m2/repository/org/apache-extras/beanshell/bsh/2.0b6/bsh-2.0b6.jar:/home/phuong/.m2/repository/javax/mail/mail/1.5.0-b01/mail-1.5.0-b01.jar:/home/phuong/.m2/repository/io/burt/jmespath-core/0.5.1/jmespath-core-0.5.1.jar:/home/phuong/.m2/repository/io/burt/jmespath-jackson/0.5.1/jmespath-jackson-0.5.1.jar:/home/phuong/.m2/repository/jcharts/jcharts/0.7.5/jcharts-0.7.5.jar:/home/phuong/.m2/repository/net/minidev/json-smart/2.4.11/json-smart-2.4.11.jar:/home/phuong/.m2/repository/net/minidev/accessors-smart/2.4.11/accessors-smart-2.4.11.jar:/home/phuong/.m2/repository/org/apache/commons/commons-pool2/2.11.1/commons-pool2-2.11.1.jar:/home/phuong/.m2/repository/org/ow2/asm/asm/9.5/asm-9.5.jar:/home/phuong/.m2/repository/com/jayway/jsonpath/json-path/2.8.0/json-path-2.8.0.jar:/home/phuong/.m2/repository/org/apache/httpcomponents/httpasyncclient/4.1.5/httpasyncclient-4.1.5.jar:/home/phuong/.m2/repository/org/apache/httpcomponents/httpcore-nio/4.4.16/httpcore-nio-4.4.16.jar:/home/phuong/.m2/repository/com/sun/activation/javax.activation/1.2.0/javax.activation-1.2.0.jar:/home/phuong/.m2/repository/commons-io/commons-io/2.12.0/commons-io-2.12.0.jar:/home/phuong/.m2/repository/org/apache/commons/commons-lang3/3.12.0/commons-lang3-3.12.0.jar:/home/phuong/.m2/repository/org/jodd/jodd-lagarto/5.0.13/jodd-lagarto-5.0.13.jar:/home/phuong/.m2/repository/org/jodd/jodd-log/5.0.13/jodd-log-5.0.13.jar:/home/phuong/.m2/repository/org/jsoup/jsoup/1.16.1/jsoup-1.16.1.jar:/home/phuong/.m2/repository/commons-net/commons-net/3.9.0/commons-net-3.9.0.jar:/home/phuong/.m2/repository/com/helger/commons/ph-commons/10.2.5/ph-commons-10.2.5.jar:/home/phuong/.m2/repository/com/helger/ph-css/6.5.0/ph-css-6.5.0.jar:/home/phuong/.m2/repository/dnsjava/dnsjava/2.1.9/dnsjava-2.1.9.jar:/home/phuong/.m2/repository/org/apache/httpcomponents/httpmime/4.5.14/httpmime-4.5.14.jar:/home/phuong/.m2/repository/org/apache/httpcomponents/httpclient/4.5.14/httpclient-4.5.14.jar:/home/phuong/.m2/repository/org/apache/httpcomponents/httpcore/4.4.16/httpcore-4.4.16.jar:/home/phuong/.m2/repository/org/brotli/dec/0.1.2/dec-0.1.2.jar:/home/phuong/.m2/repository/org/slf4j/slf4j-api/2.0.7/slf4j-api-2.0.7.jar:/home/phuong/.m2/repository/ch/qos/logback/logback-classic/1.4.8/logback-classic-1.4.8.jar:/home/phuong/.m2/repository/ch/qos/logback/logback-core/1.4.8/logback-core-1.4.8.jar:"/>
    <property name="java.vm.vendor" value="Arch Linux"/>
    <property name="sun.arch.data.model" value="64"/>
    <property name="java.vendor.url" value="https://openjdk.java.net/"/>
    <property name="os.name" value="Linux"/>
    <property name="java.vm.specification.version" value="17"/>
    <property name="sun.java.launcher" value="SUN_STANDARD"/>
    <property name="user.country" value="US"/>
    <property name="sun.boot.library.path" value="/usr/lib/jvm/java-17-openjdk/lib"/>
    <property name="sun.java.command" value="/home/phuong/Test/mid-term_assignment/target/surefire/surefirebooter18355975916875687939.jar /home/phuong/Test/mid-term_assignment/target/surefire 2025-06-24T18-01-54_974-jvmRun1 surefire9935004250035378602tmp surefire_011130129127591552017tmp"/>
    <property name="jdk.debug" value="release"/>
    <property name="surefire.test.class.path" value="/home/phuong/Test/mid-term_assignment/target/test-classes:/home/phuong/Test/mid-term_assignment/target/classes:/home/phuong/.m2/repository/junit/junit/4.13.2/junit-4.13.2.jar:/home/phuong/.m2/repository/org/hamcrest/hamcrest-core/1.3/hamcrest-core-1.3.jar:/home/phuong/.m2/repository/org/seleniumhq/selenium/selenium-java/4.10.0/selenium-java-4.10.0.jar:/home/phuong/.m2/repository/org/seleniumhq/selenium/selenium-api/4.10.0/selenium-api-4.10.0.jar:/home/phuong/.m2/repository/org/seleniumhq/selenium/selenium-devtools-v112/4.10.0/selenium-devtools-v112-4.10.0.jar:/home/phuong/.m2/repository/org/seleniumhq/selenium/selenium-devtools-v113/4.10.0/selenium-devtools-v113-4.10.0.jar:/home/phuong/.m2/repository/org/seleniumhq/selenium/selenium-devtools-v114/4.10.0/selenium-devtools-v114-4.10.0.jar:/home/phuong/.m2/repository/org/seleniumhq/selenium/selenium-devtools-v85/4.10.0/selenium-devtools-v85-4.10.0.jar:/home/phuong/.m2/repository/org/seleniumhq/selenium/selenium-edge-driver/4.10.0/selenium-edge-driver-4.10.0.jar:/home/phuong/.m2/repository/org/seleniumhq/selenium/selenium-firefox-driver/4.10.0/selenium-firefox-driver-4.10.0.jar:/home/phuong/.m2/repository/org/seleniumhq/selenium/selenium-http/4.10.0/selenium-http-4.10.0.jar:/home/phuong/.m2/repository/dev/failsafe/failsafe/3.3.1/failsafe-3.3.1.jar:/home/phuong/.m2/repository/org/seleniumhq/selenium/selenium-ie-driver/4.10.0/selenium-ie-driver-4.10.0.jar:/home/phuong/.m2/repository/org/seleniumhq/selenium/selenium-remote-driver/4.10.0/selenium-remote-driver-4.10.0.jar:/home/phuong/.m2/repository/io/netty/netty-buffer/4.1.92.Final/netty-buffer-4.1.92.Final.jar:/home/phuong/.m2/repository/io/netty/netty-codec-http/4.1.92.Final/netty-codec-http-4.1.92.Final.jar:/home/phuong/.m2/repository/io/netty/netty-codec/4.1.92.Final/netty-codec-4.1.92.Final.jar:/home/phuong/.m2/repository/io/netty/netty-handler/4.1.92.Final/netty-handler-4.1.92.Final.jar:/home/phuong/.m2/repository/io/netty/netty-common/4.1.92.Final/netty-common-4.1.92.Final.jar:/home/phuong/.m2/repository/io/netty/netty-transport-classes-epoll/4.1.92.Final/netty-transport-classes-epoll-4.1.92.Final.jar:/home/phuong/.m2/repository/io/netty/netty-transport-classes-kqueue/4.1.92.Final/netty-transport-classes-kqueue-4.1.92.Final.jar:/home/phuong/.m2/repository/io/netty/netty-transport-native-epoll/4.1.92.Final/netty-transport-native-epoll-4.1.92.Final.jar:/home/phuong/.m2/repository/io/netty/netty-transport-native-kqueue/4.1.92.Final/netty-transport-native-kqueue-4.1.92.Final.jar:/home/phuong/.m2/repository/io/netty/netty-transport-native-unix-common/4.1.92.Final/netty-transport-native-unix-common-4.1.92.Final.jar:/home/phuong/.m2/repository/io/netty/netty-transport/4.1.92.Final/netty-transport-4.1.92.Final.jar:/home/phuong/.m2/repository/io/netty/netty-resolver/4.1.92.Final/netty-resolver-4.1.92.Final.jar:/home/phuong/.m2/repository/io/opentelemetry/opentelemetry-api/1.26.0/opentelemetry-api-1.26.0.jar:/home/phuong/.m2/repository/io/opentelemetry/opentelemetry-context/1.26.0/opentelemetry-context-1.26.0.jar:/home/phuong/.m2/repository/io/opentelemetry/opentelemetry-exporter-logging/1.26.0/opentelemetry-exporter-logging-1.26.0.jar:/home/phuong/.m2/repository/io/opentelemetry/opentelemetry-sdk-metrics/1.26.0/opentelemetry-sdk-metrics-1.26.0.jar:/home/phuong/.m2/repository/io/opentelemetry/opentelemetry-extension-incubator/1.26.0-alpha/opentelemetry-extension-incubator-1.26.0-alpha.jar:/home/phuong/.m2/repository/io/opentelemetry/opentelemetry-sdk-logs/1.26.0-alpha/opentelemetry-sdk-logs-1.26.0-alpha.jar:/home/phuong/.m2/repository/io/opentelemetry/opentelemetry-api-logs/1.26.0-alpha/opentelemetry-api-logs-1.26.0-alpha.jar:/home/phuong/.m2/repository/io/opentelemetry/opentelemetry-api-events/1.26.0-alpha/opentelemetry-api-events-1.26.0-alpha.jar:/home/phuong/.m2/repository/io/opentelemetry/opentelemetry-sdk-common/1.26.0/opentelemetry-sdk-common-1.26.0.jar:/home/phuong/.m2/repository/io/opentelemetry/opentelemetry-sdk-extension-autoconfigure-spi/1.26.0/opentelemetry-sdk-extension-autoconfigure-spi-1.26.0.jar:/home/phuong/.m2/repository/io/opentelemetry/opentelemetry-sdk-extension-autoconfigure/1.26.0-alpha/opentelemetry-sdk-extension-autoconfigure-1.26.0-alpha.jar:/home/phuong/.m2/repository/io/opentelemetry/opentelemetry-sdk-trace/1.26.0/opentelemetry-sdk-trace-1.26.0.jar:/home/phuong/.m2/repository/io/opentelemetry/opentelemetry-sdk/1.26.0/opentelemetry-sdk-1.26.0.jar:/home/phuong/.m2/repository/io/opentelemetry/opentelemetry-semconv/1.26.0-alpha/opentelemetry-semconv-1.26.0-alpha.jar:/home/phuong/.m2/repository/net/bytebuddy/byte-buddy/1.14.4/byte-buddy-1.14.4.jar:/home/phuong/.m2/repository/org/apache/commons/commons-exec/1.3/commons-exec-1.3.jar:/home/phuong/.m2/repository/org/asynchttpclient/async-http-client/2.12.3/async-http-client-2.12.3.jar:/home/phuong/.m2/repository/org/asynchttpclient/async-http-client-netty-utils/2.12.3/async-http-client-netty-utils-2.12.3.jar:/home/phuong/.m2/repository/io/netty/netty-codec-socks/4.1.60.Final/netty-codec-socks-4.1.60.Final.jar:/home/phuong/.m2/repository/io/netty/netty-handler-proxy/4.1.60.Final/netty-handler-proxy-4.1.60.Final.jar:/home/phuong/.m2/repository/io/netty/netty-transport-native-epoll/4.1.60.Final/netty-transport-native-epoll-4.1.60.Final-linux-x86_64.jar:/home/phuong/.m2/repository/io/netty/netty-transport-native-kqueue/4.1.60.Final/netty-transport-native-kqueue-4.1.60.Final-osx-x86_64.jar:/home/phuong/.m2/repository/org/reactivestreams/reactive-streams/1.0.3/reactive-streams-1.0.3.jar:/home/phuong/.m2/repository/com/typesafe/netty/netty-reactive-streams/2.0.4/netty-reactive-streams-2.0.4.jar:/home/phuong/.m2/repository/com/sun/activation/jakarta.activation/1.2.2/jakarta.activation-1.2.2.jar:/home/phuong/.m2/repository/org/seleniumhq/selenium/selenium-safari-driver/4.10.0/selenium-safari-driver-4.10.0.jar:/home/phuong/.m2/repository/org/seleniumhq/selenium/selenium-support/4.10.0/selenium-support-4.10.0.jar:/home/phuong/.m2/repository/org/seleniumhq/selenium/selenium-chrome-driver/4.10.0/selenium-chrome-driver-4.10.0.jar:/home/phuong/.m2/repository/com/google/auto/service/auto-service-annotations/1.0.1/auto-service-annotations-1.0.1.jar:/home/phuong/.m2/repository/com/google/auto/service/auto-service/1.0.1/auto-service-1.0.1.jar:/home/phuong/.m2/repository/com/google/auto/auto-common/1.2/auto-common-1.2.jar:/home/phuong/.m2/repository/com/google/guava/guava/31.1-jre/guava-31.1-jre.jar:/home/phuong/.m2/repository/com/google/guava/failureaccess/1.0.1/failureaccess-1.0.1.jar:/home/phuong/.m2/repository/com/google/guava/listenablefuture/9999.0-empty-to-avoid-conflict-with-guava/listenablefuture-9999.0-empty-to-avoid-conflict-with-guava.jar:/home/phuong/.m2/repository/com/google/code/findbugs/jsr305/3.0.2/jsr305-3.0.2.jar:/home/phuong/.m2/repository/org/checkerframework/checker-qual/3.12.0/checker-qual-3.12.0.jar:/home/phuong/.m2/repository/com/google/errorprone/error_prone_annotations/2.11.0/error_prone_annotations-2.11.0.jar:/home/phuong/.m2/repository/com/google/j2objc/j2objc-annotations/1.3/j2objc-annotations-1.3.jar:/home/phuong/.m2/repository/org/seleniumhq/selenium/selenium-chromium-driver/4.10.0/selenium-chromium-driver-4.10.0.jar:/home/phuong/.m2/repository/org/seleniumhq/selenium/selenium-json/4.10.0/selenium-json-4.10.0.jar:/home/phuong/.m2/repository/org/seleniumhq/selenium/selenium-manager/4.10.0/selenium-manager-4.10.0.jar:/home/phuong/.m2/repository/org/apache/jmeter/ApacheJMeter_core/5.6.2/ApacheJMeter_core-5.6.2.jar:/home/phuong/.m2/repository/org/apache/jmeter/ApacheJMeter/5.6.2/ApacheJMeter-5.6.2.jar:/home/phuong/.m2/repository/org/apache/jmeter/jorphan/5.6.2/jorphan-5.6.2.jar:/home/phuong/.m2/repository/bsf/bsf/2.4.0/bsf-2.4.0.jar:/home/phuong/.m2/repository/commons-logging/commons-logging/1.0.4/commons-logging-1.0.4.jar:/home/phuong/.m2/repository/com/fifesoft/rsyntaxtextarea/3.3.3/rsyntaxtextarea-3.3.3.jar:/home/phuong/.m2/repository/net/sf/jtidy/jtidy/r938/jtidy-r938.jar:/home/phuong/.m2/repository/com/thoughtworks/xstream/xstream/1.4.20/xstream-1.4.20.jar:/home/phuong/.m2/repository/io/github/x-stream/mxparser/1.2.2/mxparser-1.2.2.jar:/home/phuong/.m2/repository/xmlpull/xmlpull/1.1.3.1/xmlpull-1.1.3.1.jar:/home/phuong/.m2/repository/org/apache/logging/log4j/log4j-1.2-api/2.20.0/log4j-1.2-api-2.20.0.jar:/home/phuong/.m2/repository/org/apache/logging/log4j/log4j-api/2.20.0/log4j-api-2.20.0.jar:/home/phuong/.m2/repository/org/apache/logging/log4j/log4j-core/2.20.0/log4j-core-2.20.0.jar:/home/phuong/.m2/repository/org/apache/logging/log4j/log4j-slf4j-impl/2.20.0/log4j-slf4j-impl-2.20.0.jar:/home/phuong/.m2/repository/org/apiguardian/apiguardian-api/1.1.2/apiguardian-api-1.1.2.jar:/home/phuong/.m2/repository/oro/oro/2.0.8/oro-2.0.8.jar:/home/phuong/.m2/repository/xalan/xalan/2.7.3/xalan-2.7.3.jar:/home/phuong/.m2/repository/xalan/serializer/2.7.3/serializer-2.7.3.jar:/home/phuong/.m2/repository/xml-apis/xml-apis/1.4.01/xml-apis-1.4.01.jar:/home/phuong/.m2/repository/net/sf/saxon/Saxon-HE/11.5/Saxon-HE-11.5.jar:/home/phuong/.m2/repository/org/xmlresolver/xmlresolver/4.6.4/xmlresolver-4.6.4.jar:/home/phuong/.m2/repository/org/apache/httpcomponents/client5/httpclient5/5.1.3/httpclient5-5.1.3.jar:/home/phuong/.m2/repository/org/apache/httpcomponents/core5/httpcore5-h2/5.1.3/httpcore5-h2-5.1.3.jar:/home/phuong/.m2/repository/org/apache/httpcomponents/core5/httpcore5/5.1.3/httpcore5-5.1.3.jar:/home/phuong/.m2/repository/org/xmlresolver/xmlresolver/4.6.4/xmlresolver-4.6.4-data.jar:/home/phuong/.m2/repository/org/jetbrains/kotlin/kotlin-stdlib-jdk8/1.8.22/kotlin-stdlib-jdk8-1.8.22.jar:/home/phuong/.m2/repository/org/jetbrains/kotlin/kotlin-stdlib/1.8.22/kotlin-stdlib-1.8.22.jar:/home/phuong/.m2/repository/org/jetbrains/kotlin/kotlin-stdlib-jdk7/1.8.22/kotlin-stdlib-jdk7-1.8.22.jar:/home/phuong/.m2/repository/org/jetbrains/kotlinx/kotlinx-coroutines-core/1.7.1/kotlinx-coroutines-core-1.7.1.jar:/home/phuong/.m2/repository/org/jetbrains/kotlinx/kotlinx-coroutines-core-jvm/1.7.1/kotlinx-coroutines-core-jvm-1.7.1.jar:/home/phuong/.m2/repository/org/jetbrains/kotlinx/kotlinx-coroutines-swing/1.7.1/kotlinx-coroutines-swing-1.7.1.jar:/home/phuong/.m2/repository/com/fasterxml/jackson/core/jackson-annotations/2.15.2/jackson-annotations-2.15.2.jar:/home/phuong/.m2/repository/com/fasterxml/jackson/core/jackson-core/2.15.2/jackson-core-2.15.2.jar:/home/phuong/.m2/repository/com/fasterxml/jackson/core/jackson-databind/2.15.2/jackson-databind-2.15.2.jar:/home/phuong/.m2/repository/com/formdev/svgSalamander/1.1.4/svgSalamander-1.1.4.jar:/home/phuong/.m2/repository/com/github/ben-manes/caffeine/caffeine/2.9.3/caffeine-2.9.3.jar:/home/phuong/.m2/repository/com/github/weisj/darklaf-core/2.7.3/darklaf-core-2.7.3.jar:/home/phuong/.m2/repository/com/github/weisj/darklaf-utils/2.7.3/darklaf-utils-2.7.3.jar:/home/phuong/.m2/repository/com/github/weisj/darklaf-native-utils/2.7.3/darklaf-native-utils-2.7.3.jar:/home/phuong/.m2/repository/com/github/weisj/darklaf-platform-base/2.7.3/darklaf-platform-base-2.7.3.jar:/home/phuong/.m2/repository/com/github/weisj/darklaf-windows/2.7.3/darklaf-windows-2.7.3.jar:/home/phuong/.m2/repository/com/github/weisj/darklaf-macos/2.7.3/darklaf-macos-2.7.3.jar:/home/phuong/.m2/repository/com/github/weisj/swing-extensions-laf-support/0.1.3/swing-extensions-laf-support-0.1.3.jar:/home/phuong/.m2/repository/com/github/weisj/darklaf-theme/2.7.3/darklaf-theme-2.7.3.jar:/home/phuong/.m2/repository/com/github/weisj/darklaf-property-loader/2.7.3/darklaf-property-loader-2.7.3.jar:/home/phuong/.m2/repository/com/github/weisj/swing-extensions-visual-padding/0.1.3/swing-extensions-visual-padding-0.1.3.jar:/home/phuong/.m2/repository/org/jetbrains/annotations/16.0.2/annotations-16.0.2.jar:/home/phuong/.m2/repository/com/github/weisj/darklaf-extensions-rsyntaxarea/0.3.4/darklaf-extensions-rsyntaxarea-0.3.4.jar:/home/phuong/.m2/repository/com/miglayout/miglayout-swing/5.3/miglayout-swing-5.3.jar:/home/phuong/.m2/repository/com/miglayout/miglayout-core/5.3/miglayout-core-5.3.jar:/home/phuong/.m2/repository/commons-codec/commons-codec/1.15/commons-codec-1.15.jar:/home/phuong/.m2/repository/org/jetbrains/lets-plot/lets-plot-batik/3.2.0/lets-plot-batik-3.2.0.jar:/home/phuong/.m2/repository/org/apache/xmlgraphics/batik-codec/1.16/batik-codec-1.16.jar:/home/phuong/.m2/repository/org/apache/xmlgraphics/batik-awt-util/1.16/batik-awt-util-1.16.jar:/home/phuong/.m2/repository/org/apache/xmlgraphics/batik-bridge/1.16/batik-bridge-1.16.jar:/home/phuong/.m2/repository/org/apache/xmlgraphics/batik-anim/1.16/batik-anim-1.16.jar:/home/phuong/.m2/repository/org/apache/xmlgraphics/batik-ext/1.16/batik-ext-1.16.jar:/home/phuong/.m2/repository/org/apache/xmlgraphics/batik-css/1.16/batik-css-1.16.jar:/home/phuong/.m2/repository/org/apache/xmlgraphics/batik-dom/1.16/batik-dom-1.16.jar:/home/phuong/.m2/repository/org/apache/xmlgraphics/batik-gvt/1.16/batik-gvt-1.16.jar:/home/phuong/.m2/repository/org/apache/xmlgraphics/batik-parser/1.16/batik-parser-1.16.jar:/home/phuong/.m2/repository/org/apache/xmlgraphics/batik-script/1.16/batik-script-1.16.jar:/home/phuong/.m2/repository/org/apache/xmlgraphics/batik-svg-dom/1.16/batik-svg-dom-1.16.jar:/home/phuong/.m2/repository/org/apache/xmlgraphics/batik-xml/1.16/batik-xml-1.16.jar:/home/phuong/.m2/repository/xml-apis/xml-apis-ext/1.3.04/xml-apis-ext-1.3.04.jar:/home/phuong/.m2/repository/org/apache/xmlgraphics/batik-shared-resources/1.16/batik-shared-resources-1.16.jar:/home/phuong/.m2/repository/org/apache/xmlgraphics/batik-transcoder/1.16/batik-transcoder-1.16.jar:/home/phuong/.m2/repository/org/apache/xmlgraphics/batik-svggen/1.16/batik-svggen-1.16.jar:/home/phuong/.m2/repository/org/apache/xmlgraphics/batik-util/1.16/batik-util-1.16.jar:/home/phuong/.m2/repository/org/apache/xmlgraphics/batik-constants/1.16/batik-constants-1.16.jar:/home/phuong/.m2/repository/org/apache/xmlgraphics/batik-i18n/1.16/batik-i18n-1.16.jar:/home/phuong/.m2/repository/org/jetbrains/lets-plot/lets-plot-common/3.2.0/lets-plot-common-3.2.0.jar:/home/phuong/.m2/repository/io/github/microutils/kotlin-logging/2.0.5/kotlin-logging-2.0.5.jar:/home/phuong/.m2/repository/org/jetbrains/kotlinx/kotlinx-html-jvm/0.7.3/kotlinx-html-jvm-0.7.3.jar:/home/phuong/.m2/repository/org/jetbrains/lets-plot/lets-plot-kotlin-jvm/4.4.1/lets-plot-kotlin-jvm-4.4.1.jar:/home/phuong/.m2/repository/org/jetbrains/lets-plot/base-portable-jvm/3.2.0/base-portable-jvm-3.2.0.jar:/home/phuong/.m2/repository/org/jetbrains/lets-plot/plot-base-portable-jvm/3.2.0/plot-base-portable-jvm-3.2.0.jar:/home/phuong/.m2/repository/org/jetbrains/lets-plot/vis-svg-portable-jvm/3.2.0/vis-svg-portable-jvm-3.2.0.jar:/home/phuong/.m2/repository/org/jetbrains/lets-plot/plot-common-portable-jvm/3.2.0/plot-common-portable-jvm-3.2.0.jar:/home/phuong/.m2/repository/org/jetbrains/lets-plot/plot-builder-portable-jvm/3.2.0/plot-builder-portable-jvm-3.2.0.jar:/home/phuong/.m2/repository/org/jetbrains/lets-plot/plot-config-portable-jvm/3.2.0/plot-config-portable-jvm-3.2.0.jar:/home/phuong/.m2/repository/org/jetbrains/kotlin/kotlin-stdlib-common/1.7.21/kotlin-stdlib-common-1.7.21.jar:/home/phuong/.m2/repository/io/github/microutils/kotlin-logging-jvm/2.0.5/kotlin-logging-jvm-2.0.5.jar:/home/phuong/.m2/repository/org/apache/commons/commons-collections4/4.4/commons-collections4-4.4.jar:/home/phuong/.m2/repository/org/apache/commons/commons-math3/3.6.1/commons-math3-3.6.1.jar:/home/phuong/.m2/repository/org/apache/commons/commons-text/1.10.0/commons-text-1.10.0.jar:/home/phuong/.m2/repository/org/apache/tika/tika-core/1.28.5/tika-core-1.28.5.jar:/home/phuong/.m2/repository/org/apache/xmlgraphics/xmlgraphics-commons/2.8/xmlgraphics-commons-2.8.jar:/home/phuong/.m2/repository/org/freemarker/freemarker/2.3.32/freemarker-2.3.32.jar:/home/phuong/.m2/repository/org/jodd/jodd-core/5.0.13/jodd-core-5.0.13.jar:/home/phuong/.m2/repository/org/jodd/jodd-props/5.0.13/jodd-props-5.0.13.jar:/home/phuong/.m2/repository/org/mozilla/rhino/1.7.14/rhino-1.7.14.jar:/home/phuong/.m2/repository/org/slf4j/jcl-over-slf4j/1.7.36/jcl-over-slf4j-1.7.36.jar:/home/phuong/.m2/repository/org/codehaus/groovy/groovy/3.0.17/groovy-3.0.17.jar:/home/phuong/.m2/repository/org/codehaus/groovy/groovy-dateutil/3.0.17/groovy-dateutil-3.0.17.jar:/home/phuong/.m2/repository/org/codehaus/groovy/groovy-datetime/3.0.17/groovy-datetime-3.0.17.jar:/home/phuong/.m2/repository/org/codehaus/groovy/groovy-jmx/3.0.17/groovy-jmx-3.0.17.jar:/home/phuong/.m2/repository/org/codehaus/groovy/groovy-json/3.0.17/groovy-json-3.0.17.jar:/home/phuong/.m2/repository/org/codehaus/groovy/groovy-jsr223/3.0.17/groovy-jsr223-3.0.17.jar:/home/phuong/.m2/repository/org/codehaus/groovy/groovy-sql/3.0.17/groovy-sql-3.0.17.jar:/home/phuong/.m2/repository/org/codehaus/groovy/groovy-templates/3.0.17/groovy-templates-3.0.17.jar:/home/phuong/.m2/repository/org/codehaus/groovy/groovy-xml/3.0.17/groovy-xml-3.0.17.jar:/home/phuong/.m2/repository/commons-collections/commons-collections/3.2.2/commons-collections-3.2.2.jar:/home/phuong/.m2/repository/org/apache/tika/tika-parsers/1.28.5/tika-parsers-1.28.5.jar:/home/phuong/.m2/repository/xerces/xercesImpl/2.12.2/xercesImpl-2.12.2.jar:/home/phuong/.m2/repository/org/apache/jmeter/ApacheJMeter_http/5.6.2/ApacheJMeter_http-5.6.2.jar:/home/phuong/.m2/repository/org/apache/jmeter/ApacheJMeter_components/5.6.2/ApacheJMeter_components-5.6.2.jar:/home/phuong/.m2/repository/org/apache-extras/beanshell/bsh/2.0b6/bsh-2.0b6.jar:/home/phuong/.m2/repository/javax/mail/mail/1.5.0-b01/mail-1.5.0-b01.jar:/home/phuong/.m2/repository/io/burt/jmespath-core/0.5.1/jmespath-core-0.5.1.jar:/home/phuong/.m2/repository/io/burt/jmespath-jackson/0.5.1/jmespath-jackson-0.5.1.jar:/home/phuong/.m2/repository/jcharts/jcharts/0.7.5/jcharts-0.7.5.jar:/home/phuong/.m2/repository/net/minidev/json-smart/2.4.11/json-smart-2.4.11.jar:/home/phuong/.m2/repository/net/minidev/accessors-smart/2.4.11/accessors-smart-2.4.11.jar:/home/phuong/.m2/repository/org/apache/commons/commons-pool2/2.11.1/commons-pool2-2.11.1.jar:/home/phuong/.m2/repository/org/ow2/asm/asm/9.5/asm-9.5.jar:/home/phuong/.m2/repository/com/jayway/jsonpath/json-path/2.8.0/json-path-2.8.0.jar:/home/phuong/.m2/repository/org/apache/httpcomponents/httpasyncclient/4.1.5/httpasyncclient-4.1.5.jar:/home/phuong/.m2/repository/org/apache/httpcomponents/httpcore-nio/4.4.16/httpcore-nio-4.4.16.jar:/home/phuong/.m2/repository/com/sun/activation/javax.activation/1.2.0/javax.activation-1.2.0.jar:/home/phuong/.m2/repository/commons-io/commons-io/2.12.0/commons-io-2.12.0.jar:/home/phuong/.m2/repository/org/apache/commons/commons-lang3/3.12.0/commons-lang3-3.12.0.jar:/home/phuong/.m2/repository/org/jodd/jodd-lagarto/5.0.13/jodd-lagarto-5.0.13.jar:/home/phuong/.m2/repository/org/jodd/jodd-log/5.0.13/jodd-log-5.0.13.jar:/home/phuong/.m2/repository/org/jsoup/jsoup/1.16.1/jsoup-1.16.1.jar:/home/phuong/.m2/repository/commons-net/commons-net/3.9.0/commons-net-3.9.0.jar:/home/phuong/.m2/repository/com/helger/commons/ph-commons/10.2.5/ph-commons-10.2.5.jar:/home/phuong/.m2/repository/com/helger/ph-css/6.5.0/ph-css-6.5.0.jar:/home/phuong/.m2/repository/dnsjava/dnsjava/2.1.9/dnsjava-2.1.9.jar:/home/phuong/.m2/repository/org/apache/httpcomponents/httpmime/4.5.14/httpmime-4.5.14.jar:/home/phuong/.m2/repository/org/apache/httpcomponents/httpclient/4.5.14/httpclient-4.5.14.jar:/home/phuong/.m2/repository/org/apache/httpcomponents/httpcore/4.4.16/httpcore-4.4.16.jar:/home/phuong/.m2/repository/org/brotli/dec/0.1.2/dec-0.1.2.jar:/home/phuong/.m2/repository/org/slf4j/slf4j-api/2.0.7/slf4j-api-2.0.7.jar:/home/phuong/.m2/repository/ch/qos/logback/logback-classic/1.4.8/logback-classic-1.4.8.jar:/home/phuong/.m2/repository/ch/qos/logback/logback-core/1.4.8/logback-core-1.4.8.jar:"/>
    <property name="sun.cpu.endian" value="little"/>
    <property name="user.home" value="/home/phuong"/>
    <property name="user.language" value="en"/>
    <property name="java.specification.vendor" value="Oracle Corporation"/>
    <property name="java.version.date" value="2025-04-15"/>
    <property name="java.home" value="/usr/lib/jvm/java-17-openjdk"/>
    <property name="file.separator" value="/"/>
    <property name="basedir" value="/home/phuong/Test/mid-term_assignment"/>
    <property name="java.vm.compressedOopsMode" value="Zero based"/>
    <property name="line.separator" value="&#10;"/>
    <property name="java.vm.specification.vendor" value="Oracle Corporation"/>
    <property name="java.specification.name" value="Java Platform API Specification"/>
    <property name="surefire.real.class.path" value="/home/phuong/Test/mid-term_assignment/target/surefire/surefirebooter18355975916875687939.jar"/>
    <property name="sun.management.compiler" value="HotSpot 64-Bit Tiered Compilers"/>
    <property name="java.runtime.version" value="17.0.15+6"/>
    <property name="user.name" value="phuong"/>
    <property name="path.separator" value=":"/>
    <property name="os.version" value="6.12.34-1-MANJARO"/>
    <property name="java.runtime.name" value="OpenJDK Runtime Environment"/>
    <property name="file.encoding" value="UTF-8"/>
    <property name="java.vm.name" value="OpenJDK 64-Bit Server VM"/>
    <property name="localRepository" value="/home/phuong/.m2/repository"/>
    <property name="java.vendor.url.bug" value="https://bugreport.java.com/bugreport/"/>
    <property name="java.io.tmpdir" value="/tmp"/>
    <property name="java.version" value="17.0.15"/>
    <property name="user.dir" value="/home/phuong/Test/mid-term_assignment"/>
    <property name="os.arch" value="amd64"/>
    <property name="java.vm.specification.name" value="Java Virtual Machine Specification"/>
    <property name="native.encoding" value="UTF-8"/>
    <property name="java.library.path" value="/usr/java/packages/lib:/usr/lib64:/lib64:/lib:/usr/lib"/>
    <property name="java.vm.info" value="mixed mode, sharing"/>
    <property name="java.vendor" value="Arch Linux"/>
    <property name="java.vm.version" value="17.0.15+6"/>
    <property name="java.specification.maintenance.version" value="1"/>
    <property name="sun.io.unicode.encoding" value="UnicodeLittle"/>
    <property name="java.class.version" value="61.0"/>
  </properties>
  <testcase name="testProductSearch" classname="test.web.FunctionalTest" time="0">
    <error message="chromedriver located at /usr/bin/chromedriver, but invalid&#10;For documentation on this error, please visit: https://www.selenium.dev/documentation/webdriver/troubleshooting/errors/driver_location/&#10;Build info: version: &apos;4.10.0&apos;, revision: &apos;c14d967899&apos;&#10;System info: os.name: &apos;Linux&apos;, os.arch: &apos;amd64&apos;, os.version: &apos;6.12.34-1-MANJARO&apos;, java.version: &apos;17.0.15&apos;&#10;Driver info: driver.version: ChromeDriver" type="org.openqa.selenium.remote.NoSuchDriverException">org.openqa.selenium.remote.NoSuchDriverException: 
chromedriver located at /usr/bin/chromedriver, but invalid
For documentation on this error, please visit: https://www.selenium.dev/documentation/webdriver/troubleshooting/errors/driver_location/
Build info: version: '4.10.0', revision: 'c14d967899'
System info: os.name: 'Linux', os.arch: 'amd64', os.version: '6.12.34-1-MANJARO', java.version: '17.0.15'
Driver info: driver.version: ChromeDriver
	at test.web.FunctionalTest.setUp(FunctionalTest.java:27)
</error>
    <system-err><![CDATA[Jun 24, 2025 6:01:55 PM org.openqa.selenium.remote.service.DriverService$Builder getLogOutput
INFO: Driver logs no longer sent to console by default; https://www.selenium.dev/documentation/webdriver/drivers/service/#setting-log-output
]]></system-err>
  </testcase>
  <testcase name="testShoppingCart" classname="test.web.FunctionalTest" time="0.001">
    <error message="chromedriver located at /usr/bin/chromedriver, but invalid&#10;For documentation on this error, please visit: https://www.selenium.dev/documentation/webdriver/troubleshooting/errors/driver_location/&#10;Build info: version: &apos;4.10.0&apos;, revision: &apos;c14d967899&apos;&#10;System info: os.name: &apos;Linux&apos;, os.arch: &apos;amd64&apos;, os.version: &apos;6.12.34-1-MANJARO&apos;, java.version: &apos;17.0.15&apos;&#10;Driver info: driver.version: ChromeDriver" type="org.openqa.selenium.remote.NoSuchDriverException">org.openqa.selenium.remote.NoSuchDriverException: 
chromedriver located at /usr/bin/chromedriver, but invalid
For documentation on this error, please visit: https://www.selenium.dev/documentation/webdriver/troubleshooting/errors/driver_location/
Build info: version: '4.10.0', revision: 'c14d967899'
System info: os.name: 'Linux', os.arch: 'amd64', os.version: '6.12.34-1-MANJARO', java.version: '17.0.15'
Driver info: driver.version: ChromeDriver
	at test.web.FunctionalTest.setUp(FunctionalTest.java:27)
</error>
    <system-err><![CDATA[Jun 24, 2025 6:01:55 PM org.openqa.selenium.remote.service.DriverService$Builder getLogOutput
INFO: Driver logs no longer sent to console by default; https://www.selenium.dev/documentation/webdriver/drivers/service/#setting-log-output
]]></system-err>
  </testcase>
  <testcase name="testRegisterAndLoginFlow" classname="test.web.FunctionalTest" time="0">
    <error message="chromedriver located at /usr/bin/chromedriver, but invalid&#10;For documentation on this error, please visit: https://www.selenium.dev/documentation/webdriver/troubleshooting/errors/driver_location/&#10;Build info: version: &apos;4.10.0&apos;, revision: &apos;c14d967899&apos;&#10;System info: os.name: &apos;Linux&apos;, os.arch: &apos;amd64&apos;, os.version: &apos;6.12.34-1-MANJARO&apos;, java.version: &apos;17.0.15&apos;&#10;Driver info: driver.version: ChromeDriver" type="org.openqa.selenium.remote.NoSuchDriverException">org.openqa.selenium.remote.NoSuchDriverException: 
chromedriver located at /usr/bin/chromedriver, but invalid
For documentation on this error, please visit: https://www.selenium.dev/documentation/webdriver/troubleshooting/errors/driver_location/
Build info: version: '4.10.0', revision: 'c14d967899'
System info: os.name: 'Linux', os.arch: 'amd64', os.version: '6.12.34-1-MANJARO', java.version: '17.0.15'
Driver info: driver.version: ChromeDriver
	at test.web.FunctionalTest.setUp(FunctionalTest.java:27)
</error>
    <system-err><![CDATA[Jun 24, 2025 6:01:55 PM org.openqa.selenium.remote.service.DriverService$Builder getLogOutput
INFO: Driver logs no longer sent to console by default; https://www.selenium.dev/documentation/webdriver/drivers/service/#setting-log-output
]]></system-err>
  </testcase>
  <testcase name="testMenuTabs" classname="test.web.FunctionalTest" time="0">
    <error message="chromedriver located at /usr/bin/chromedriver, but invalid&#10;For documentation on this error, please visit: https://www.selenium.dev/documentation/webdriver/troubleshooting/errors/driver_location/&#10;Build info: version: &apos;4.10.0&apos;, revision: &apos;c14d967899&apos;&#10;System info: os.name: &apos;Linux&apos;, os.arch: &apos;amd64&apos;, os.version: &apos;6.12.34-1-MANJARO&apos;, java.version: &apos;17.0.15&apos;&#10;Driver info: driver.version: ChromeDriver" type="org.openqa.selenium.remote.NoSuchDriverException">org.openqa.selenium.remote.NoSuchDriverException: 
chromedriver located at /usr/bin/chromedriver, but invalid
For documentation on this error, please visit: https://www.selenium.dev/documentation/webdriver/troubleshooting/errors/driver_location/
Build info: version: '4.10.0', revision: 'c14d967899'
System info: os.name: 'Linux', os.arch: 'amd64', os.version: '6.12.34-1-MANJARO', java.version: '17.0.15'
Driver info: driver.version: ChromeDriver
	at test.web.FunctionalTest.setUp(FunctionalTest.java:27)
</error>
    <system-err><![CDATA[Jun 24, 2025 6:01:55 PM org.openqa.selenium.remote.service.DriverService$Builder getLogOutput
INFO: Driver logs no longer sent to console by default; https://www.selenium.dev/documentation/webdriver/drivers/service/#setting-log-output
]]></system-err>
  </testcase>
  <testcase name="testCartAndCheckout" classname="test.web.FunctionalTest" time="0">
    <error message="chromedriver located at /usr/bin/chromedriver, but invalid&#10;For documentation on this error, please visit: https://www.selenium.dev/documentation/webdriver/troubleshooting/errors/driver_location/&#10;Build info: version: &apos;4.10.0&apos;, revision: &apos;c14d967899&apos;&#10;System info: os.name: &apos;Linux&apos;, os.arch: &apos;amd64&apos;, os.version: &apos;6.12.34-1-MANJARO&apos;, java.version: &apos;17.0.15&apos;&#10;Driver info: driver.version: ChromeDriver" type="org.openqa.selenium.remote.NoSuchDriverException">org.openqa.selenium.remote.NoSuchDriverException: 
chromedriver located at /usr/bin/chromedriver, but invalid
For documentation on this error, please visit: https://www.selenium.dev/documentation/webdriver/troubleshooting/errors/driver_location/
Build info: version: '4.10.0', revision: 'c14d967899'
System info: os.name: 'Linux', os.arch: 'amd64', os.version: '6.12.34-1-MANJARO', java.version: '17.0.15'
Driver info: driver.version: ChromeDriver
	at test.web.FunctionalTest.setUp(FunctionalTest.java:27)
</error>
    <system-err><![CDATA[Jun 24, 2025 6:01:55 PM org.openqa.selenium.remote.service.DriverService$Builder getLogOutput
INFO: Driver logs no longer sent to console by default; https://www.selenium.dev/documentation/webdriver/drivers/service/#setting-log-output
]]></system-err>
  </testcase>
  <testcase name="testFormValidationErrors" classname="test.web.FunctionalTest" time="0">
    <error message="chromedriver located at /usr/bin/chromedriver, but invalid&#10;For documentation on this error, please visit: https://www.selenium.dev/documentation/webdriver/troubleshooting/errors/driver_location/&#10;Build info: version: &apos;4.10.0&apos;, revision: &apos;c14d967899&apos;&#10;System info: os.name: &apos;Linux&apos;, os.arch: &apos;amd64&apos;, os.version: &apos;6.12.34-1-MANJARO&apos;, java.version: &apos;17.0.15&apos;&#10;Driver info: driver.version: ChromeDriver" type="org.openqa.selenium.remote.NoSuchDriverException">org.openqa.selenium.remote.NoSuchDriverException: 
chromedriver located at /usr/bin/chromedriver, but invalid
For documentation on this error, please visit: https://www.selenium.dev/documentation/webdriver/troubleshooting/errors/driver_location/
Build info: version: '4.10.0', revision: 'c14d967899'
System info: os.name: 'Linux', os.arch: 'amd64', os.version: '6.12.34-1-MANJARO', java.version: '17.0.15'
Driver info: driver.version: ChromeDriver
	at test.web.FunctionalTest.setUp(FunctionalTest.java:27)
</error>
    <system-err><![CDATA[Jun 24, 2025 6:01:55 PM org.openqa.selenium.remote.service.DriverService$Builder getLogOutput
INFO: Driver logs no longer sent to console by default; https://www.selenium.dev/documentation/webdriver/drivers/service/#setting-log-output
]]></system-err>
  </testcase>
  <testcase name="testHomePageDisplayAndResponsive" classname="test.web.FunctionalTest" time="0.001">
    <error message="chromedriver located at /usr/bin/chromedriver, but invalid&#10;For documentation on this error, please visit: https://www.selenium.dev/documentation/webdriver/troubleshooting/errors/driver_location/&#10;Build info: version: &apos;4.10.0&apos;, revision: &apos;c14d967899&apos;&#10;System info: os.name: &apos;Linux&apos;, os.arch: &apos;amd64&apos;, os.version: &apos;6.12.34-1-MANJARO&apos;, java.version: &apos;17.0.15&apos;&#10;Driver info: driver.version: ChromeDriver" type="org.openqa.selenium.remote.NoSuchDriverException">org.openqa.selenium.remote.NoSuchDriverException: 
chromedriver located at /usr/bin/chromedriver, but invalid
For documentation on this error, please visit: https://www.selenium.dev/documentation/webdriver/troubleshooting/errors/driver_location/
Build info: version: '4.10.0', revision: 'c14d967899'
System info: os.name: 'Linux', os.arch: 'amd64', os.version: '6.12.34-1-MANJARO', java.version: '17.0.15'
Driver info: driver.version: ChromeDriver
	at test.web.FunctionalTest.setUp(FunctionalTest.java:27)
</error>
    <system-err><![CDATA[Jun 24, 2025 6:01:55 PM org.openqa.selenium.remote.service.DriverService$Builder getLogOutput
INFO: Driver logs no longer sent to console by default; https://www.selenium.dev/documentation/webdriver/drivers/service/#setting-log-output
]]></system-err>
  </testcase>
  <testcase name="testNavigation" classname="test.web.FunctionalTest" time="0.002">
    <error message="chromedriver located at /usr/bin/chromedriver, but invalid&#10;For documentation on this error, please visit: https://www.selenium.dev/documentation/webdriver/troubleshooting/errors/driver_location/&#10;Build info: version: &apos;4.10.0&apos;, revision: &apos;c14d967899&apos;&#10;System info: os.name: &apos;Linux&apos;, os.arch: &apos;amd64&apos;, os.version: &apos;6.12.34-1-MANJARO&apos;, java.version: &apos;17.0.15&apos;&#10;Driver info: driver.version: ChromeDriver" type="org.openqa.selenium.remote.NoSuchDriverException">org.openqa.selenium.remote.NoSuchDriverException: 
chromedriver located at /usr/bin/chromedriver, but invalid
For documentation on this error, please visit: https://www.selenium.dev/documentation/webdriver/troubleshooting/errors/driver_location/
Build info: version: '4.10.0', revision: 'c14d967899'
System info: os.name: 'Linux', os.arch: 'amd64', os.version: '6.12.34-1-MANJARO', java.version: '17.0.15'
Driver info: driver.version: ChromeDriver
	at test.web.FunctionalTest.setUp(FunctionalTest.java:27)
</error>
    <system-err><![CDATA[Jun 24, 2025 6:01:55 PM org.openqa.selenium.remote.service.DriverService$Builder getLogOutput
INFO: Driver logs no longer sent to console by default; https://www.selenium.dev/documentation/webdriver/drivers/service/#setting-log-output
]]></system-err>
  </testcase>
  <testcase name="testProductDetailDisplay" classname="test.web.FunctionalTest" time="0.002">
    <error message="chromedriver located at /usr/bin/chromedriver, but invalid&#10;For documentation on this error, please visit: https://www.selenium.dev/documentation/webdriver/troubleshooting/errors/driver_location/&#10;Build info: version: &apos;4.10.0&apos;, revision: &apos;c14d967899&apos;&#10;System info: os.name: &apos;Linux&apos;, os.arch: &apos;amd64&apos;, os.version: &apos;6.12.34-1-MANJARO&apos;, java.version: &apos;17.0.15&apos;&#10;Driver info: driver.version: ChromeDriver" type="org.openqa.selenium.remote.NoSuchDriverException">org.openqa.selenium.remote.NoSuchDriverException: 
chromedriver located at /usr/bin/chromedriver, but invalid
For documentation on this error, please visit: https://www.selenium.dev/documentation/webdriver/troubleshooting/errors/driver_location/
Build info: version: '4.10.0', revision: 'c14d967899'
System info: os.name: 'Linux', os.arch: 'amd64', os.version: '6.12.34-1-MANJARO', java.version: '17.0.15'
Driver info: driver.version: ChromeDriver
	at test.web.FunctionalTest.setUp(FunctionalTest.java:27)
</error>
    <system-err><![CDATA[Jun 24, 2025 6:01:55 PM org.openqa.selenium.remote.service.DriverService$Builder getLogOutput
INFO: Driver logs no longer sent to console by default; https://www.selenium.dev/documentation/webdriver/drivers/service/#setting-log-output
]]></system-err>
  </testcase>
</testsuite>